<?xml version="1.0" encoding="UTF-8"?>
<testsuite name="hello.hellospring.HelloSpringApplicationTests" tests="1" skipped="0" failures="0" errors="0" timestamp="2021-05-05T08:09:02" hostname="DESKTOP-T0950V7" time="0.24">
  <properties/>
  <testcase name="contextLoads()" classname="hello.hellospring.HelloSpringApplicationTests" time="0.24"/>
  <system-out><![CDATA[17:09:01.348 [Test worker] DEBUG org.springframework.test.context.BootstrapUtils - Instantiating CacheAwareContextLoaderDelegate from class [org.springframework.test.context.cache.DefaultCacheAwareContextLoaderDelegate]
17:09:01.359 [Test worker] DEBUG org.springframework.test.context.BootstrapUtils - Instantiating BootstrapContext using constructor [public org.springframework.test.context.support.DefaultBootstrapContext(java.lang.Class,org.springframework.test.context.CacheAwareContextLoaderDelegate)]
17:09:01.381 [Test worker] DEBUG org.springframework.test.context.BootstrapUtils - Instantiating TestContextBootstrapper for test class [hello.hellospring.HelloSpringApplicationTests] from class [org.springframework.boot.test.context.SpringBootTestContextBootstrapper]
17:09:01.394 [Test worker] INFO org.springframework.boot.test.context.SpringBootTestContextBootstrapper - Neither @ContextConfiguration nor @ContextHierarchy found for test class [hello.hellospring.HelloSpringApplicationTests], using SpringBootContextLoader
17:09:01.397 [Test worker] DEBUG org.springframework.test.context.support.AbstractContextLoader - Did not detect default resource location for test class [hello.hellospring.HelloSpringApplicationTests]: class path resource [hello/hellospring/HelloSpringApplicationTests-context.xml] does not exist
17:09:01.397 [Test worker] DEBUG org.springframework.test.context.support.AbstractContextLoader - Did not detect default resource location for test class [hello.hellospring.HelloSpringApplicationTests]: class path resource [hello/hellospring/HelloSpringApplicationTestsContext.groovy] does not exist
17:09:01.398 [Test worker] INFO org.springframework.test.context.support.AbstractContextLoader - Could not detect default resource locations for test class [hello.hellospring.HelloSpringApplicationTests]: no resource found for suffixes {-context.xml, Context.groovy}.
17:09:01.398 [Test worker] INFO org.springframework.test.context.support.AnnotationConfigContextLoaderUtils - Could not detect default configuration classes for test class [hello.hellospring.HelloSpringApplicationTests]: HelloSpringApplicationTests does not declare any static, non-private, non-final, nested classes annotated with @Configuration.
17:09:01.429 [Test worker] DEBUG org.springframework.test.context.support.ActiveProfilesUtils - Could not find an 'annotation declaring class' for annotation type [org.springframework.test.context.ActiveProfiles] and class [hello.hellospring.HelloSpringApplicationTests]
17:09:01.479 [Test worker] DEBUG org.springframework.context.annotation.ClassPathScanningCandidateComponentProvider - Identified candidate component class: file [D:\sjh_D\works\kimyounghan_spring\hello-spring\build\classes\java\main\hello\hellospring\HelloSpringApplication.class]
17:09:01.480 [Test worker] INFO org.springframework.boot.test.context.SpringBootTestContextBootstrapper - Found @SpringBootConfiguration hello.hellospring.HelloSpringApplication for test class hello.hellospring.HelloSpringApplicationTests
17:09:01.570 [Test worker] DEBUG org.springframework.boot.test.context.SpringBootTestContextBootstrapper - @TestExecutionListeners is not present for class [hello.hellospring.HelloSpringApplicationTests]: using defaults.
17:09:01.571 [Test worker] INFO org.springframework.boot.test.context.SpringBootTestContextBootstrapper - Loaded default TestExecutionListener class names from location [META-INF/spring.factories]: [org.springframework.boot.test.autoconfigure.restdocs.RestDocsTestExecutionListener, org.springframework.boot.test.autoconfigure.web.client.MockRestServiceServerResetTestExecutionListener, org.springframework.boot.test.autoconfigure.web.servlet.MockMvcPrintOnlyOnFailureTestExecutionListener, org.springframework.boot.test.autoconfigure.web.servlet.WebDriverTestExecutionListener, org.springframework.boot.test.autoconfigure.webservices.client.MockWebServiceServerTestExecutionListener, org.springframework.boot.test.mock.mockito.MockitoTestExecutionListener, org.springframework.boot.test.mock.mockito.ResetMocksTestExecutionListener, org.springframework.test.context.web.ServletTestExecutionListener, org.springframework.test.context.support.DirtiesContextBeforeModesTestExecutionListener, org.springframework.test.context.support.DependencyInjectionTestExecutionListener, org.springframework.test.context.support.DirtiesContextTestExecutionListener, org.springframework.test.context.transaction.TransactionalTestExecutionListener, org.springframework.test.context.jdbc.SqlScriptsTestExecutionListener, org.springframework.test.context.event.EventPublishingTestExecutionListener]
17:09:01.580 [Test worker] DEBUG org.springframework.boot.test.context.SpringBootTestContextBootstrapper - Skipping candidate TestExecutionListener [org.springframework.test.context.transaction.TransactionalTestExecutionListener] due to a missing dependency. Specify custom listener classes or make the default listener classes and their required dependencies available. Offending class: [org/springframework/transaction/interceptor/TransactionAttributeSource]
17:09:01.581 [Test worker] DEBUG org.springframework.boot.test.context.SpringBootTestContextBootstrapper - Skipping candidate TestExecutionListener [org.springframework.test.context.jdbc.SqlScriptsTestExecutionListener] due to a missing dependency. Specify custom listener classes or make the default listener classes and their required dependencies available. Offending class: [org/springframework/transaction/interceptor/TransactionAttribute]
17:09:01.581 [Test worker] INFO org.springframework.boot.test.context.SpringBootTestContextBootstrapper - Using TestExecutionListeners: [org.springframework.test.context.web.ServletTestExecutionListener@4e354860, org.springframework.test.context.support.DirtiesContextBeforeModesTestExecutionListener@15d8b786, org.springframework.boot.test.mock.mockito.MockitoTestExecutionListener@6a233f82, org.springframework.boot.test.autoconfigure.SpringBootDependencyInjectionTestExecutionListener@3d79b491, org.springframework.test.context.support.DirtiesContextTestExecutionListener@59eb9d16, org.springframework.test.context.event.EventPublishingTestExecutionListener@95f752a, org.springframework.boot.test.autoconfigure.restdocs.RestDocsTestExecutionListener@7a7394ac, org.springframework.boot.test.autoconfigure.web.client.MockRestServiceServerResetTestExecutionListener@ade7a4f, org.springframework.boot.test.autoconfigure.web.servlet.MockMvcPrintOnlyOnFailureTestExecutionListener@fd8552f, org.springframework.boot.test.autoconfigure.web.servlet.WebDriverTestExecutionListener@7d5c87db, org.springframework.boot.test.autoconfigure.webservices.client.MockWebServiceServerTestExecutionListener@1b6caa28, org.springframework.boot.test.mock.mockito.ResetMocksTestExecutionListener@6299b708]
17:09:01.584 [Test worker] DEBUG org.springframework.test.context.support.AbstractDirtiesContextTestExecutionListener - Before test class: context [DefaultTestContext@1a13fcc4 testClass = HelloSpringApplicationTests, testInstance = [null], testMethod = [null], testException = [null], mergedContextConfiguration = [WebMergedContextConfiguration@217c8034 testClass = HelloSpringApplicationTests, locations = '{}', classes = '{class hello.hellospring.HelloSpringApplication}', contextInitializerClasses = '[]', activeProfiles = '{}', propertySourceLocations = '{}', propertySourceProperties = '{org.springframework.boot.test.context.SpringBootTestContextBootstrapper=true}', contextCustomizers = set[org.springframework.boot.test.autoconfigure.properties.PropertyMappingContextCustomizer@0, org.springframework.boot.test.autoconfigure.web.servlet.WebDriverContextCustomizerFactory$Customizer@335192e0, org.springframework.boot.test.context.filter.ExcludeFilterContextCustomizer@10103b52, org.springframework.boot.test.json.DuplicateJsonObjectContextCustomizerFactory$DuplicateJsonObjectContextCustomizer@6b59587d, org.springframework.boot.test.mock.mockito.MockitoContextCustomizer@0, org.springframework.boot.test.web.client.TestRestTemplateContextCustomizer@7a3a2a73, org.springframework.boot.test.context.SpringBootTestArgs@1, org.springframework.boot.test.context.SpringBootTestWebEnvironment@3f47e8bc], resourceBasePath = 'src/main/webapp', contextLoader = 'org.springframework.boot.test.context.SpringBootContextLoader', parent = [null]], attributes = map['org.springframework.test.context.web.ServletTestExecutionListener.activateListener' -> true]], class annotated with @DirtiesContext [false] with mode [null].
17:09:01.607 [Test worker] DEBUG org.springframework.test.context.support.TestPropertySourceUtils - Adding inlined properties to environment: {spring.jmx.enabled=false, org.springframework.boot.test.context.SpringBootTestContextBootstrapper=true}

  .   ____          _            __ _ _
 /\\ / ___'_ __ _ _(_)_ __  __ _ \ \ \ \
( ( )\___ | '_ | '_| | '_ \/ _` | \ \ \ \
 \\/  ___)| |_)| | | | | || (_| |  ) ) ) )
  '  |____| .__|_| |_|_| |_\__, | / / / /
 =========|_|==============|___/=/_/_/_/
 :: Spring Boot ::       (v2.3.10.RELEASE)

2021-05-05 17:09:01.798  INFO 3688 --- [    Test worker] h.h.HelloSpringApplicationTests          : Starting HelloSpringApplicationTests on DESKTOP-T0950V7 with PID 3688 (started by tjwhd in D:\sjh_D\works\kimyounghan_spring\hello-spring)
2021-05-05 17:09:01.800  INFO 3688 --- [    Test worker] h.h.HelloSpringApplicationTests          : No active profile set, falling back to default profiles: default
2021-05-05 17:09:02.648  INFO 3688 --- [    Test worker] o.s.s.concurrent.ThreadPoolTaskExecutor  : Initializing ExecutorService 'applicationTaskExecutor'
2021-05-05 17:09:02.739  INFO 3688 --- [    Test worker] o.s.b.a.w.s.WelcomePageHandlerMapping    : Adding welcome page: class path resource [static/index.html]
2021-05-05 17:09:02.896  INFO 3688 --- [    Test worker] h.h.HelloSpringApplicationTests          : Started HelloSpringApplicationTests in 1.277 seconds (JVM running for 2.395)
]]></system-out>
  <system-err><![CDATA[]]></system-err>
</testsuite>
